[debug] [2024-12-03T23:16:43.381Z] ----------------------------------------------------------------------
[debug] [2024-12-03T23:16:43.384Z] Command:       /usr/local/bin/node /usr/local/bin/firebase deploy
[debug] [2024-12-03T23:16:43.385Z] CLI Version:   13.25.0
[debug] [2024-12-03T23:16:43.385Z] Platform:      linux
[debug] [2024-12-03T23:16:43.385Z] Node Version:  v20.15.1
[debug] [2024-12-03T23:16:43.385Z] Time:          Wed Dec 04 2024 01:16:43 GMT+0200 (South Africa Standard Time)
[debug] [2024-12-03T23:16:43.385Z] ----------------------------------------------------------------------
[debug] 
[debug] [2024-12-03T23:16:43.403Z] >>> [apiv2][query] GET https://firebase-public.firebaseio.com/cli.json [none]
[debug] [2024-12-03T23:16:43.594Z] > command requires scopes: ["email","openid","https://www.googleapis.com/auth/cloudplatformprojects.readonly","https://www.googleapis.com/auth/firebase","https://www.googleapis.com/auth/cloud-platform"]
[debug] [2024-12-03T23:16:43.594Z] > authorizing via signed-in user (kamohelolebna@gmail.com)
[debug] [2024-12-03T23:16:43.595Z] [iam] checking project forz-official for permissions ["datastore.indexes.create","datastore.indexes.delete","datastore.indexes.list","datastore.indexes.update","firebase.projects.get","firebasehosting.sites.update"]
[debug] [2024-12-03T23:16:43.595Z] Checked if tokens are valid: false, expires at: 1732222241410
[debug] [2024-12-03T23:16:43.596Z] Checked if tokens are valid: false, expires at: 1732222241410
[debug] [2024-12-03T23:16:43.596Z] > refreshing access token with scopes: []
[debug] [2024-12-03T23:16:43.597Z] >>> [apiv2][query] POST https://www.googleapis.com/oauth2/v3/token [none]
[debug] [2024-12-03T23:16:43.597Z] >>> [apiv2][body] POST https://www.googleapis.com/oauth2/v3/token [omitted]
[debug] [2024-12-03T23:16:44.212Z] <<< [apiv2][status] POST https://www.googleapis.com/oauth2/v3/token 200
[debug] [2024-12-03T23:16:44.212Z] <<< [apiv2][body] POST https://www.googleapis.com/oauth2/v3/token [omitted]
[debug] [2024-12-03T23:16:44.259Z] >>> [apiv2][query] POST https://cloudresourcemanager.googleapis.com/v1/projects/forz-official:testIamPermissions [none]
[debug] [2024-12-03T23:16:44.259Z] >>> [apiv2][(partial)header] POST https://cloudresourcemanager.googleapis.com/v1/projects/forz-official:testIamPermissions x-goog-quota-user=projects/forz-official
[debug] [2024-12-03T23:16:44.259Z] >>> [apiv2][body] POST https://cloudresourcemanager.googleapis.com/v1/projects/forz-official:testIamPermissions {"permissions":["datastore.indexes.create","datastore.indexes.delete","datastore.indexes.list","datastore.indexes.update","firebase.projects.get","firebasehosting.sites.update"]}
[debug] [2024-12-03T23:16:44.273Z] <<< [apiv2][status] GET https://firebase-public.firebaseio.com/cli.json 200
[debug] [2024-12-03T23:16:44.273Z] <<< [apiv2][body] GET https://firebase-public.firebaseio.com/cli.json {"cloudBuildErrorAfter":1594252800000,"cloudBuildWarnAfter":1590019200000,"defaultNode10After":1594252800000,"minVersion":"3.0.5","node8DeploysDisabledAfter":1613390400000,"node8RuntimeDisabledAfter":1615809600000,"node8WarnAfter":1600128000000}
